2022-07-09 13:26:11-log: [Package] menu@1.0.0 enable
2022-07-09 13:26:11-log: [Package] profile@1.0.0 enable
2022-07-09 13:26:11-log: [Package] project@1.0.1 enable
2022-07-09 13:26:11-log: [Package] messages@1.0.0 enable
2022-07-09 13:26:11-log: [Package] program@1.0.0 enable
2022-07-09 13:26:11-log: [Package] device@1.0.1 enable
2022-07-09 13:26:11-log: [Package] ui-kit@1.0.1 enable
2022-07-09 13:26:11-log: [Package] tester@1.0.0 enable
2022-07-09 13:26:11-log: [Package] preferences@1.0.0 enable
2022-07-09 13:26:11-log: Setup mods mgr.: 177.108ms
2022-07-09 13:26:11-log: [Package] engine@1.0.5 enable
2022-07-09 13:26:12-log: [Package] programming@1.0.0 enable
2022-07-09 13:26:13-log: [Package] engine-extends@1.0.0 enable
2022-07-09 13:26:13-log: [Package] asset-db@1.0.0 enable
2022-07-09 13:26:13-log: [Package] console@1.0.0 enable
2022-07-09 13:26:13-log: [Package] scene@1.0.0 enable
2022-07-09 13:26:13-log: [Package] about@1.0.0 enable
2022-07-09 13:26:13-log: [Package] server@1.0.0 enable
2022-07-09 13:26:13-log: [Package] utils@1.0.0 enable
2022-07-09 13:26:13-log: [Package] assets@1.0.0 enable
2022-07-09 13:26:13-log: [Package] inspector@1.0.0 enable
2022-07-09 13:26:13-log: [Package] hierarchy@1.0.0 enable
2022-07-09 13:26:14-log: [Package] preview@1.0.1 enable
2022-07-09 13:26:14-log: [Package] animator@1.0.0 enable
2022-07-09 13:26:14-log: [Package] builder@1.3.0 enable
2022-07-09 13:26:14-log: [Package] node-library@1.0.0 enable
2022-07-09 13:26:14-log: [Package] shortcuts@1.0.1 enable
2022-07-09 13:26:14-log: [Package] package-asset@1.0.0 enable
2022-07-09 13:26:14-log: [Package] reference-image@1.0.0 enable
2022-07-09 13:26:14-log: [Package] animation-graph@1.0.0 enable
2022-07-09 13:26:14-log: [Package] channel-upload-tools@1.0.0 enable
2022-07-09 13:26:15-log: [Package] runtime-dev-tools@1.0.0 enable
2022-07-09 13:26:15-log: [Package] lightmap@1.0.4 enable
2022-07-09 13:26:15-log: [Package] alipay-mini-game@1.0.0 enable
2022-07-09 13:26:15-log: [Package] android@1.0.0 enable
2022-07-09 13:26:15-log: [Package] baidu-mini-game@1.0.0 enable
2022-07-09 13:26:15-log: [Package] bytedance-mini-game@1.0.1 enable
2022-07-09 13:26:15-log: [Package] huawei-agc@1.0.0 enable
2022-07-09 13:26:15-log: [Package] ios@1.0.0 enable
2022-07-09 13:26:15-log: [Package] ios-app-clip@1.0.0 enable
2022-07-09 13:26:15-log: [Package] mac@1.0.0 enable
2022-07-09 13:26:15-log: [Package] native@1.0.0 enable
2022-07-09 13:26:15-log: [Package] ohos@1.0.0 enable
2022-07-09 13:26:15-log: [Package] web-desktop@1.0.0 enable
2022-07-09 13:26:15-log: [Package] web-mobile@1.0.0 enable
2022-07-09 13:26:15-log: [Package] wechatgame@1.0.1 enable
2022-07-09 13:26:15-log: [Package] windows@1.0.0 enable
2022-07-09 13:26:15-log: [Package] xiaomi-quick-game@1.0.0 enable
2022-07-09 13:26:15-log: [Package] cocos-play@1.0.0 enable
2022-07-09 13:26:15-log: [Package] huawei-quick-game@1.0.0 enable
2022-07-09 13:26:15-log: [Package] link-sure@1.0.0 enable
2022-07-09 13:26:15-log: [Package] oppo-mini-game@1.0.0 enable
2022-07-09 13:26:15-log: [Package] qtt@1.0.0 enable
2022-07-09 13:26:15-log: [Package] vivo-mini-game@1.0.0 enable
2022-07-09 13:26:15-log: [Package] cocos-service@3.0.2 enable
2022-07-09 13:26:15-log: [Package] importer@1.0.0 enable
2022-07-09 13:26:15-log: [Package] extension@3.0.13 enable
2022-07-09 13:26:16-log: [Im-plugin] Check im-plugin version.
2022-07-09 13:26:16-log: [Package] im-plugin@3.0.8 enable
2022-07-09 13:26:16-warn: Browserslist: caniuse-lite is outdated. Please run:
npx browserslist@latest --update-db

Why you should do it regularly:
https://github.com/browserslist/browserslist#browsers-data-updating
2022-07-09 13:26:16-log: [Scene] begin init
2022-07-09 13:26:16-log: [Scene] require engine end
2022-07-09 13:26:16-log: [Scene] Serialize end
2022-07-09 13:26:16-log: [Scene] configureStartup end
2022-07-09 13:26:16-log: [Scene] Cocos Creator v3.4.0
2022-07-09 13:26:16-info: [Scene] Forward render pipeline initialized.
2022-07-09 13:26:16-log: [Scene] openEngine end
2022-07-09 13:26:16-log: [Scene] configureEngine end
2022-07-09 13:26:17-log: [Im-plugin] No online info of im-plugin.
2022-07-09 13:28:33-warn: [Build] Browserslist: caniuse-lite is outdated. Please run:
npx browserslist@latest --update-db

Why you should do it regularly:
https://github.com/browserslist/browserslist#browsers-data-updating
2022-07-09 13:28:34-warn: [Build] Browserslist: caniuse-lite is outdated. Please run:
npx browserslist@latest --update-db
2022-07-09 13:28:35-warn: [Build] [[Build.Script.Rollup]] Use of eval is strongly discouraged, as it poses security risks and may cause issues with minification
2022-07-09 13:38:20-warn: [Build] [[Build.Script.Rollup]] Use of eval is strongly discouraged, as it poses security risks and may cause issues with minification
2022-07-09 13:38:34-warn: [Build] [[Build.Script.Rollup]] Use of eval is strongly discouraged, as it poses security risks and may cause issues with minification
2022-07-09 13:40:25-warn: [Build] [[Build.Script.Rollup]] Use of eval is strongly discouraged, as it poses security risks and may cause issues with minification
2022-07-09 13:40:41-warn: [Build] [[Build.Script.Rollup]] Use of eval is strongly discouraged, as it poses security risks and may cause issues with minification
2022-07-09 13:41:28-warn: [Build] [[Build.Script.Rollup]] Use of eval is strongly discouraged, as it poses security risks and may cause issues with minification
2022-07-09 13:42:44-warn: [Build] [[Build.Script.Rollup]] Use of eval is strongly discouraged, as it poses security risks and may cause issues with minification
2022-07-09 19:36:34-warn: [Build] [[Build.Script.Rollup]] Use of eval is strongly discouraged, as it poses security risks and may cause issues with minification
2022-07-09 19:57:16-warn: [Build] [[Build.Script.Rollup]] Use of eval is strongly discouraged, as it poses security risks and may cause issues with minification
2022-07-09 20:32:08-warn: [Build] [[Build.Script.Rollup]] Use of eval is strongly discouraged, as it poses security risks and may cause issues with minification
2022-07-09 20:35:24-warn: [Build] [[Build.Script.Rollup]] Use of eval is strongly discouraged, as it poses security risks and may cause issues with minification
